mode: set
github.com/ChunHou23/booking-service/internal/handlers/handlers.go:34.62,39.2 1 0
github.com/ChunHou23/booking-service/internal/handlers/handlers.go:41.54,46.2 1 1
github.com/ChunHou23/booking-service/internal/handlers/handlers.go:48.33,50.2 1 1
github.com/ChunHou23/booking-service/internal/handlers/handlers.go:52.67,54.2 1 1
github.com/ChunHou23/booking-service/internal/handlers/handlers.go:56.68,58.2 1 1
github.com/ChunHou23/booking-service/internal/handlers/handlers.go:60.75,62.2 1 1
github.com/ChunHou23/booking-service/internal/handlers/handlers.go:64.74,66.2 1 1
github.com/ChunHou23/booking-service/internal/handlers/handlers.go:68.75,70.2 1 1
github.com/ChunHou23/booking-service/internal/handlers/handlers.go:72.79,74.16 2 1
github.com/ChunHou23/booking-service/internal/handlers/handlers.go:74.16,78.3 3 1
github.com/ChunHou23/booking-service/internal/handlers/handlers.go:80.2,84.16 4 1
github.com/ChunHou23/booking-service/internal/handlers/handlers.go:84.16,88.3 3 1
github.com/ChunHou23/booking-service/internal/handlers/handlers.go:89.2,90.16 2 1
github.com/ChunHou23/booking-service/internal/handlers/handlers.go:90.16,94.3 3 1
github.com/ChunHou23/booking-service/internal/handlers/handlers.go:96.2,97.16 2 1
github.com/ChunHou23/booking-service/internal/handlers/handlers.go:97.16,101.3 3 1
github.com/ChunHou23/booking-service/internal/handlers/handlers.go:103.2,103.21 1 1
github.com/ChunHou23/booking-service/internal/handlers/handlers.go:103.21,108.3 4 1
github.com/ChunHou23/booking-service/internal/handlers/handlers.go:110.2,121.4 5 1
github.com/ChunHou23/booking-service/internal/handlers/handlers.go:124.79,126.16 2 1
github.com/ChunHou23/booking-service/internal/handlers/handlers.go:126.16,130.3 3 1
github.com/ChunHou23/booking-service/internal/handlers/handlers.go:132.2,135.16 4 1
github.com/ChunHou23/booking-service/internal/handlers/handlers.go:135.16,139.3 3 1
github.com/ChunHou23/booking-service/internal/handlers/handlers.go:140.2,141.16 2 1
github.com/ChunHou23/booking-service/internal/handlers/handlers.go:141.16,145.3 3 1
github.com/ChunHou23/booking-service/internal/handlers/handlers.go:147.2,148.16 2 1
github.com/ChunHou23/booking-service/internal/handlers/handlers.go:148.16,152.3 3 1
github.com/ChunHou23/booking-service/internal/handlers/handlers.go:154.2,155.16 2 1
github.com/ChunHou23/booking-service/internal/handlers/handlers.go:155.16,159.3 3 1
github.com/ChunHou23/booking-service/internal/handlers/handlers.go:161.2,170.16 3 1
github.com/ChunHou23/booking-service/internal/handlers/handlers.go:170.16,174.3 3 0
github.com/ChunHou23/booking-service/internal/handlers/handlers.go:176.2,177.14 2 1
github.com/ChunHou23/booking-service/internal/handlers/handlers.go:180.70,182.2 1 1
github.com/ChunHou23/booking-service/internal/handlers/handlers.go:184.78,186.9 2 1
github.com/ChunHou23/booking-service/internal/handlers/handlers.go:186.9,189.3 2 1
github.com/ChunHou23/booking-service/internal/handlers/handlers.go:191.2,192.16 2 1
github.com/ChunHou23/booking-service/internal/handlers/handlers.go:192.16,195.3 2 1
github.com/ChunHou23/booking-service/internal/handlers/handlers.go:197.2,214.4 10 1
github.com/ChunHou23/booking-service/internal/handlers/handlers.go:217.82,219.16 2 1
github.com/ChunHou23/booking-service/internal/handlers/handlers.go:219.16,223.3 3 1
github.com/ChunHou23/booking-service/internal/handlers/handlers.go:225.2,226.9 2 1
github.com/ChunHou23/booking-service/internal/handlers/handlers.go:226.9,230.3 3 1
github.com/ChunHou23/booking-service/internal/handlers/handlers.go:232.2,242.19 9 1
github.com/ChunHou23/booking-service/internal/handlers/handlers.go:242.19,251.3 5 1
github.com/ChunHou23/booking-service/internal/handlers/handlers.go:253.2,254.16 2 1
github.com/ChunHou23/booking-service/internal/handlers/handlers.go:254.16,258.3 3 1
github.com/ChunHou23/booking-service/internal/handlers/handlers.go:260.2,269.16 3 1
github.com/ChunHou23/booking-service/internal/handlers/handlers.go:269.16,273.3 3 1
github.com/ChunHou23/booking-service/internal/handlers/handlers.go:275.2,277.66 2 1
github.com/ChunHou23/booking-service/internal/handlers/handlers.go:280.81,282.9 2 1
github.com/ChunHou23/booking-service/internal/handlers/handlers.go:282.9,287.3 4 1
github.com/ChunHou23/booking-service/internal/handlers/handlers.go:289.2,302.4 9 1
github.com/ChunHou23/booking-service/internal/handlers/handlers.go:305.73,308.16 3 1
github.com/ChunHou23/booking-service/internal/handlers/handlers.go:308.16,312.3 3 1
github.com/ChunHou23/booking-service/internal/handlers/handlers.go:314.2,315.9 2 1
github.com/ChunHou23/booking-service/internal/handlers/handlers.go:315.9,319.3 3 1
github.com/ChunHou23/booking-service/internal/handlers/handlers.go:321.2,325.63 3 1
github.com/ChunHou23/booking-service/internal/handlers/handlers.go:328.71,331.16 3 1
github.com/ChunHou23/booking-service/internal/handlers/handlers.go:331.16,335.3 3 1
github.com/ChunHou23/booking-service/internal/handlers/handlers.go:337.2,344.16 6 1
github.com/ChunHou23/booking-service/internal/handlers/handlers.go:344.16,348.3 3 1
github.com/ChunHou23/booking-service/internal/handlers/handlers.go:350.2,358.63 7 1
